running egg_info
creating ../../build/mars_rovers_systems/mars_rovers_systems.egg-info
writing ../../build/mars_rovers_systems/mars_rovers_systems.egg-info/PKG-INFO
writing dependency_links to ../../build/mars_rovers_systems/mars_rovers_systems.egg-info/dependency_links.txt
writing entry points to ../../build/mars_rovers_systems/mars_rovers_systems.egg-info/entry_points.txt
writing requirements to ../../build/mars_rovers_systems/mars_rovers_systems.egg-info/requires.txt
writing top-level names to ../../build/mars_rovers_systems/mars_rovers_systems.egg-info/top_level.txt
writing manifest file '../../build/mars_rovers_systems/mars_rovers_systems.egg-info/SOURCES.txt'
reading manifest file '../../build/mars_rovers_systems/mars_rovers_systems.egg-info/SOURCES.txt'
writing manifest file '../../build/mars_rovers_systems/mars_rovers_systems.egg-info/SOURCES.txt'
running build
running build_py
creating /home/user/ros2_ws/build/mars_rovers_systems/build
creating /home/user/ros2_ws/build/mars_rovers_systems/build/lib
creating /home/user/ros2_ws/build/mars_rovers_systems/build/lib/mars_rovers_systems
copying mars_rovers_systems/__init__.py -> /home/user/ros2_ws/build/mars_rovers_systems/build/lib/mars_rovers_systems
running install
running install_lib
creating /home/user/ros2_ws/install/mars_rovers_systems/lib/python3.10/site-packages/mars_rovers_systems
copying /home/user/ros2_ws/build/mars_rovers_systems/build/lib/mars_rovers_systems/__init__.py -> /home/user/ros2_ws/install/mars_rovers_systems/lib/python3.10/site-packages/mars_rovers_systems
byte-compiling /home/user/ros2_ws/install/mars_rovers_systems/lib/python3.10/site-packages/mars_rovers_systems/__init__.py to __init__.cpython-310.pyc
running install_data
creating /home/user/ros2_ws/install/mars_rovers_systems/share/ament_index
creating /home/user/ros2_ws/install/mars_rovers_systems/share/ament_index/resource_index
creating /home/user/ros2_ws/install/mars_rovers_systems/share/ament_index/resource_index/packages
copying resource/mars_rovers_systems -> /home/user/ros2_ws/install/mars_rovers_systems/share/ament_index/resource_index/packages
copying package.xml -> /home/user/ros2_ws/install/mars_rovers_systems/share/mars_rovers_systems
running install_egg_info
Copying ../../build/mars_rovers_systems/mars_rovers_systems.egg-info to /home/user/ros2_ws/install/mars_rovers_systems/lib/python3.10/site-packages/mars_rovers_systems-0.0.0-py3.10.egg-info
running install_scripts
writing list of installed files to '/home/user/ros2_ws/build/mars_rovers_systems/install.log'
