[0.782s] Invoking command in '/home/user/ros2_ws/src/mars_rovers_systems': PYTHONPATH=/home/user/ros2_ws/build/mars_rovers_systems/prefix_override:/home/user/ros2_ws/install/mars_rovers_systems/lib/python3.10/site-packages:${PYTHONPATH} _=/usr/bin/env /usr/bin/python3 -W ignore:setup.py install is deprecated setup.py egg_info --egg-base ../../build/mars_rovers_systems build --build-base /home/user/ros2_ws/build/mars_rovers_systems/build install --record /home/user/ros2_ws/build/mars_rovers_systems/install.log --single-version-externally-managed install_data
[1.072s] running egg_info
[1.075s] creating ../../build/mars_rovers_systems/mars_rovers_systems.egg-info
[1.075s] writing ../../build/mars_rovers_systems/mars_rovers_systems.egg-info/PKG-INFO
[1.075s] writing dependency_links to ../../build/mars_rovers_systems/mars_rovers_systems.egg-info/dependency_links.txt
[1.075s] writing entry points to ../../build/mars_rovers_systems/mars_rovers_systems.egg-info/entry_points.txt
[1.076s] writing requirements to ../../build/mars_rovers_systems/mars_rovers_systems.egg-info/requires.txt
[1.076s] writing top-level names to ../../build/mars_rovers_systems/mars_rovers_systems.egg-info/top_level.txt
[1.076s] writing manifest file '../../build/mars_rovers_systems/mars_rovers_systems.egg-info/SOURCES.txt'
[1.078s] reading manifest file '../../build/mars_rovers_systems/mars_rovers_systems.egg-info/SOURCES.txt'
[1.079s] writing manifest file '../../build/mars_rovers_systems/mars_rovers_systems.egg-info/SOURCES.txt'
[1.079s] running build
[1.080s] running build_py
[1.080s] creating /home/user/ros2_ws/build/mars_rovers_systems/build
[1.080s] creating /home/user/ros2_ws/build/mars_rovers_systems/build/lib
[1.080s] creating /home/user/ros2_ws/build/mars_rovers_systems/build/lib/mars_rovers_systems
[1.080s] copying mars_rovers_systems/__init__.py -> /home/user/ros2_ws/build/mars_rovers_systems/build/lib/mars_rovers_systems
[1.080s] running install
[1.080s] running install_lib
[1.081s] creating /home/user/ros2_ws/install/mars_rovers_systems/lib/python3.10/site-packages/mars_rovers_systems
[1.081s] copying /home/user/ros2_ws/build/mars_rovers_systems/build/lib/mars_rovers_systems/__init__.py -> /home/user/ros2_ws/install/mars_rovers_systems/lib/python3.10/site-packages/mars_rovers_systems
[1.082s] byte-compiling /home/user/ros2_ws/install/mars_rovers_systems/lib/python3.10/site-packages/mars_rovers_systems/__init__.py to __init__.cpython-310.pyc
[1.082s] running install_data
[1.083s] creating /home/user/ros2_ws/install/mars_rovers_systems/share/ament_index
[1.083s] creating /home/user/ros2_ws/install/mars_rovers_systems/share/ament_index/resource_index
[1.083s] creating /home/user/ros2_ws/install/mars_rovers_systems/share/ament_index/resource_index/packages
[1.083s] copying resource/mars_rovers_systems -> /home/user/ros2_ws/install/mars_rovers_systems/share/ament_index/resource_index/packages
[1.083s] copying package.xml -> /home/user/ros2_ws/install/mars_rovers_systems/share/mars_rovers_systems
[1.083s] running install_egg_info
[1.085s] Copying ../../build/mars_rovers_systems/mars_rovers_systems.egg-info to /home/user/ros2_ws/install/mars_rovers_systems/lib/python3.10/site-packages/mars_rovers_systems-0.0.0-py3.10.egg-info
[1.086s] running install_scripts
[1.112s] writing list of installed files to '/home/user/ros2_ws/build/mars_rovers_systems/install.log'
[1.148s] Invoked command in '/home/user/ros2_ws/src/mars_rovers_systems' returned '0': PYTHONPATH=/home/user/ros2_ws/build/mars_rovers_systems/prefix_override:/home/user/ros2_ws/install/mars_rovers_systems/lib/python3.10/site-packages:${PYTHONPATH} _=/usr/bin/env /usr/bin/python3 -W ignore:setup.py install is deprecated setup.py egg_info --egg-base ../../build/mars_rovers_systems build --build-base /home/user/ros2_ws/build/mars_rovers_systems/build install --record /home/user/ros2_ws/build/mars_rovers_systems/install.log --single-version-externally-managed install_data
